0 info it worked if it ends with ok
1 verbose cli [ '/usr/bin/nodejs', '/usr/bin/npm', 'install' ]
2 info using npm@3.10.3
3 info using node@v6.3.0
4 silly loadCurrentTree Starting
5 silly install loadCurrentTree
6 silly install readLocalPackageData
7 silly install normalizeTree
8 silly loadCurrentTree Finishing
9 silly loadIdealTree Starting
10 silly install loadIdealTree
11 silly cloneCurrentTree Starting
12 silly install cloneCurrentTreeToIdealTree
13 silly cloneCurrentTree Finishing
14 silly loadShrinkwrap Starting
15 silly install loadShrinkwrap
16 silly loadShrinkwrap Finishing
17 silly loadAllDepsIntoIdealTree Starting
18 silly install loadAllDepsIntoIdealTree
19 silly fetchNamedPackageData fsevents
20 silly mapToRegistry name fsevents
21 silly mapToRegistry using default registry
22 silly mapToRegistry registry https://registry.npmjs.org/
23 silly mapToRegistry data Result {
23 silly mapToRegistry   raw: 'fsevents',
23 silly mapToRegistry   scope: null,
23 silly mapToRegistry   escapedName: 'fsevents',
23 silly mapToRegistry   name: 'fsevents',
23 silly mapToRegistry   rawSpec: '',
23 silly mapToRegistry   spec: 'latest',
23 silly mapToRegistry   type: 'tag' }
24 silly mapToRegistry uri https://registry.npmjs.org/fsevents
25 verbose request uri https://registry.npmjs.org/fsevents
26 verbose request no auth needed
27 info attempt registry request try #1 at 8:27:04 PM
28 verbose request id f37af5a25dd14cb5
29 verbose etag "1IUUBBNAFSLRNOMEHDGNJ1LTJ"
30 http request GET https://registry.npmjs.org/fsevents
31 http 304 https://registry.npmjs.org/fsevents
32 verbose headers { date: 'Sun, 24 Jul 2016 08:05:22 GMT',
32 verbose headers   via: '1.1 varnish',
32 verbose headers   'cache-control': 'max-age=300',
32 verbose headers   etag: '"1IUUBBNAFSLRNOMEHDGNJ1LTJ"',
32 verbose headers   age: '205',
32 verbose headers   connection: 'keep-alive',
32 verbose headers   'x-served-by': 'cache-hkg6825-HKG',
32 verbose headers   'x-cache': 'HIT',
32 verbose headers   'x-cache-hits': '6',
32 verbose headers   'x-timer': 'S1469347522.229992,VS0,VE0',
32 verbose headers   vary: 'Accept-Encoding' }
33 silly get cb [ 304,
33 silly get   { date: 'Sun, 24 Jul 2016 08:05:22 GMT',
33 silly get     via: '1.1 varnish',
33 silly get     'cache-control': 'max-age=300',
33 silly get     etag: '"1IUUBBNAFSLRNOMEHDGNJ1LTJ"',
33 silly get     age: '205',
33 silly get     connection: 'keep-alive',
33 silly get     'x-served-by': 'cache-hkg6825-HKG',
33 silly get     'x-cache': 'HIT',
33 silly get     'x-cache-hits': '6',
33 silly get     'x-timer': 'S1469347522.229992,VS0,VE0',
33 silly get     vary: 'Accept-Encoding' } ]
34 verbose etag https://registry.npmjs.org/fsevents from cache
35 verbose get saving fsevents to /home/user/.npm/registry.npmjs.org/fsevents/.cache.json
36 verbose correctMkdir /home/user/.npm correctMkdir not in flight; initializing
37 silly resolveWithNewModule fsevents@1.0.14 checking installable status
38 silly loadAllDepsIntoIdealTree Finishing
39 silly loadIdealTree Finishing
40 silly currentTree mean
40 silly currentTree ├── abbrev@1.0.9
40 silly currentTree ├── accepts@1.3.3
40 silly currentTree ├── ansi-regex@2.0.0
40 silly currentTree ├── ansi-styles@2.2.1
40 silly currentTree ├── anymatch@1.3.0
40 silly currentTree ├── arr-diff@2.0.0
40 silly currentTree ├── arr-flatten@1.0.1
40 silly currentTree ├── array-flatten@1.1.1
40 silly currentTree ├── array-unique@0.2.1
40 silly currentTree ├── arrify@1.0.1
40 silly currentTree ├── async-each@1.0.0
40 silly currentTree ├── async@2.0.1
40 silly currentTree ├── balanced-match@0.4.2
40 silly currentTree ├── base64-url@1.2.2
40 silly currentTree ├── basic-auth@1.0.4
40 silly currentTree ├── binary-extensions@1.5.0
40 silly currentTree ├── bluebird@2.10.2
40 silly currentTree ├── body-parser@1.15.2
40 silly currentTree ├── brace-expansion@1.1.6
40 silly currentTree ├── braces@1.8.5
40 silly currentTree ├── bson@0.4.23
40 silly currentTree ├── buffer-shims@1.0.0
40 silly currentTree ├── bytes@2.4.0
40 silly currentTree ├── chalk@1.1.3
40 silly currentTree ├── chokidar@1.6.0
40 silly currentTree ├── concat-map@0.0.1
40 silly currentTree ├── configstore@1.4.0
40 silly currentTree ├── connect-flash@0.1.1
40 silly currentTree ├── content-disposition@0.5.1
40 silly currentTree ├── content-type@1.0.2
40 silly currentTree ├── cookie-parser@1.4.3
40 silly currentTree ├── cookie-signature@1.0.6
40 silly currentTree ├── cookie@0.3.1
40 silly currentTree ├── core-util-is@1.0.2
40 silly currentTree ├── crc@3.4.0
40 silly currentTree ├── debug@2.2.0
40 silly currentTree ├── deep-extend@0.4.1
40 silly currentTree ├── depd@1.1.0
40 silly currentTree ├── destroy@1.0.4
40 silly currentTree ├── duplexer@0.1.1
40 silly currentTree ├─┬ duplexify@3.4.5
40 silly currentTree │ ├── isarray@1.0.0
40 silly currentTree │ └── readable-stream@2.1.4
40 silly currentTree ├── ee-first@1.1.1
40 silly currentTree ├── ejs@2.4.2
40 silly currentTree ├── encodeurl@1.0.1
40 silly currentTree ├── end-of-stream@1.0.0
40 silly currentTree ├── es6-promise@2.1.1
40 silly currentTree ├── escape-html@1.0.3
40 silly currentTree ├── escape-string-regexp@1.0.5
40 silly currentTree ├── etag@1.7.0
40 silly currentTree ├── event-stream@3.3.4
40 silly currentTree ├── expand-brackets@0.1.5
40 silly currentTree ├── expand-range@1.8.2
40 silly currentTree ├── express-session@1.14.0
40 silly currentTree ├── express@4.14.0
40 silly currentTree ├── extglob@0.3.2
40 silly currentTree ├── faker@3.1.0
40 silly currentTree ├── filename-regex@2.0.0
40 silly currentTree ├── fill-range@2.2.3
40 silly currentTree ├── finalhandler@0.5.0
40 silly currentTree ├── for-in@0.1.5
40 silly currentTree ├── for-own@0.1.4
40 silly currentTree ├── forwarded@0.1.0
40 silly currentTree ├── fresh@0.3.0
40 silly currentTree ├── from@0.1.3
40 silly currentTree ├── glob-base@0.3.0
40 silly currentTree ├── glob-parent@2.0.0
40 silly currentTree ├─┬ got@3.3.1
40 silly currentTree │ └── object-assign@3.0.0
40 silly currentTree ├── graceful-fs@4.1.4
40 silly currentTree ├── has-ansi@2.0.0
40 silly currentTree ├── hooks-fixed@1.1.0
40 silly currentTree ├── http-errors@1.5.0
40 silly currentTree ├── http-status@0.2.3
40 silly currentTree ├── iconv-lite@0.4.13
40 silly currentTree ├── ignore-by-default@1.0.1
40 silly currentTree ├── imurmurhash@0.1.4
40 silly currentTree ├── infinity-agent@2.0.3
40 silly currentTree ├── inherits@2.0.1
40 silly currentTree ├── ini@1.3.4
40 silly currentTree ├── ipaddr.js@1.1.1
40 silly currentTree ├── is-binary-path@1.0.1
40 silly currentTree ├── is-buffer@1.1.3
40 silly currentTree ├── is-dotfile@1.0.2
40 silly currentTree ├── is-equal-shallow@0.1.3
40 silly currentTree ├── is-extendable@0.1.1
40 silly currentTree ├── is-extglob@1.0.0
40 silly currentTree ├── is-finite@1.0.1
40 silly currentTree ├── is-glob@2.0.1
40 silly currentTree ├── is-npm@1.0.0
40 silly currentTree ├── is-number@2.1.0
40 silly currentTree ├── is-posix-bracket@0.1.1
40 silly currentTree ├── is-primitive@2.0.0
40 silly currentTree ├── is-redirect@1.0.0
40 silly currentTree ├── is-stream@1.1.0
40 silly currentTree ├── isarray@0.0.1
40 silly currentTree ├─┬ isobject@2.1.0
40 silly currentTree │ └── isarray@1.0.0
40 silly currentTree ├── kareem@1.1.3
40 silly currentTree ├── kind-of@3.0.3
40 silly currentTree ├── latest-version@1.0.1
40 silly currentTree ├── lodash._baseassign@3.2.0
40 silly currentTree ├── lodash._basecopy@3.0.1
40 silly currentTree ├── lodash._bindcallback@3.0.1
40 silly currentTree ├── lodash._createassigner@3.1.1
40 silly currentTree ├── lodash._getnative@3.9.1
40 silly currentTree ├── lodash._isiterateecall@3.0.9
40 silly currentTree ├── lodash.assign@3.2.0
40 silly currentTree ├── lodash.defaults@3.1.2
40 silly currentTree ├── lodash.isarguments@3.0.8
40 silly currentTree ├── lodash.isarray@3.0.4
40 silly currentTree ├── lodash.keys@3.1.2
40 silly currentTree ├── lodash.restparam@3.6.1
40 silly currentTree ├── lodash@4.13.1
40 silly currentTree ├── lowercase-keys@1.0.0
40 silly currentTree ├── map-stream@0.1.0
40 silly currentTree ├── media-typer@0.3.0
40 silly currentTree ├── merge-descriptors@1.0.1
40 silly currentTree ├── methods@1.1.2
40 silly currentTree ├── micromatch@2.3.11
40 silly currentTree ├── mime-db@1.23.0
40 silly currentTree ├── mime-types@2.1.11
40 silly currentTree ├── mime@1.3.4
40 silly currentTree ├── minimatch@3.0.2
40 silly currentTree ├── minimist@0.0.8
40 silly currentTree ├── mkdirp@0.5.1
40 silly currentTree ├── mongodb-core@1.2.31
40 silly currentTree ├── mongodb@2.0.55
40 silly currentTree ├─┬ mongoose@4.5.5
40 silly currentTree │ ├── async@1.5.2
40 silly currentTree │ ├── es6-promise@3.0.2
40 silly currentTree │ ├── mongodb-core@1.3.18
40 silly currentTree │ └── mongodb@2.1.18
40 silly currentTree ├── morgan@1.7.0
40 silly currentTree ├── mpath@0.2.1
40 silly currentTree ├── mpromise@0.5.5
40 silly currentTree ├─┬ mquery@1.11.0
40 silly currentTree │ └── sliced@0.0.5
40 silly currentTree ├── ms@0.7.1
40 silly currentTree ├── muri@1.1.0
40 silly currentTree ├── negotiator@0.6.1
40 silly currentTree ├── nested-error-stacks@1.0.2
40 silly currentTree ├─┬ nodemon@1.9.2
40 silly currentTree │ └── es6-promise@3.2.1
40 silly currentTree ├── nopt@1.0.10
40 silly currentTree ├── normalize-path@2.0.1
40 silly currentTree ├── number-is-nan@1.0.0
40 silly currentTree ├── oauth@0.9.14
40 silly currentTree ├── object-assign@4.1.0
40 silly currentTree ├── object.omit@2.0.0
40 silly currentTree ├── on-finished@2.3.0
40 silly currentTree ├── on-headers@1.0.1
40 silly currentTree ├── once@1.3.3
40 silly currentTree ├── os-homedir@1.0.1
40 silly currentTree ├── os-tmpdir@1.0.1
40 silly currentTree ├── osenv@0.1.3
40 silly currentTree ├── package-json@1.2.0
40 silly currentTree ├── parse-glob@3.0.4
40 silly currentTree ├── parseurl@1.3.1
40 silly currentTree ├── passport-facebook@2.1.1
40 silly currentTree ├── passport-oauth2@1.3.0
40 silly currentTree ├── passport-strategy@1.0.0
40 silly currentTree ├── passport@0.3.2
40 silly currentTree ├── path-is-absolute@1.0.0
40 silly currentTree ├── path-to-regexp@0.1.7
40 silly currentTree ├── path@0.12.7
40 silly currentTree ├── pause-stream@0.0.11
40 silly currentTree ├── pause@0.0.1
40 silly currentTree ├── pinkie-promise@2.0.1
40 silly currentTree ├── pinkie@2.0.4
40 silly currentTree ├── prepend-http@1.0.4
40 silly currentTree ├── preserve@0.2.0
40 silly currentTree ├── process-nextick-args@1.0.7
40 silly currentTree ├── process@0.11.5
40 silly currentTree ├── proxy-addr@1.1.2
40 silly currentTree ├── ps-tree@1.1.0
40 silly currentTree ├── qs@6.2.0
40 silly currentTree ├── random-bytes@1.0.0
40 silly currentTree ├── randomatic@1.1.5
40 silly currentTree ├── range-parser@1.2.0
40 silly currentTree ├── raw-body@2.1.7
40 silly currentTree ├─┬ rc@1.1.6
40 silly currentTree │ └── minimist@1.2.0
40 silly currentTree ├─┬ read-all-stream@3.1.0
40 silly currentTree │ ├── isarray@1.0.0
40 silly currentTree │ └── readable-stream@2.1.4
40 silly currentTree ├── readable-stream@1.0.31
40 silly currentTree ├─┬ readdirp@2.1.0
40 silly currentTree │ ├── isarray@1.0.0
40 silly currentTree │ └── readable-stream@2.1.4
40 silly currentTree ├── regex-cache@0.4.3
40 silly currentTree ├── regexp-clone@0.0.1
40 silly currentTree ├── registry-url@3.1.0
40 silly currentTree ├── repeat-element@1.1.2
40 silly currentTree ├── repeat-string@1.5.4
40 silly currentTree ├── repeating@1.1.3
40 silly currentTree ├── require_optional@1.0.0
40 silly currentTree ├── resolve-from@2.0.0
40 silly currentTree ├── semver-diff@2.1.0
40 silly currentTree ├── semver@5.3.0
40 silly currentTree ├── send@0.14.1
40 silly currentTree ├── serve-static@1.11.1
40 silly currentTree ├── set-immediate-shim@1.0.1
40 silly currentTree ├── setprototypeof@1.0.1
40 silly currentTree ├── sliced@1.0.1
40 silly currentTree ├── slide@1.1.6
40 silly currentTree ├── split@0.3.3
40 silly currentTree ├── statuses@1.3.0
40 silly currentTree ├── stream-combiner@0.0.4
40 silly currentTree ├── stream-shift@1.0.0
40 silly currentTree ├── string_decoder@0.10.31
40 silly currentTree ├── string-length@1.0.1
40 silly currentTree ├── strip-ansi@3.0.1
40 silly currentTree ├── strip-json-comments@1.0.4
40 silly currentTree ├─┬ stripe@4.9.0
40 silly currentTree │ └── qs@2.4.2
40 silly currentTree ├── supports-color@2.0.0
40 silly currentTree ├── through@2.3.8
40 silly currentTree ├── timed-out@2.0.0
40 silly currentTree ├── touch@1.0.0
40 silly currentTree ├── type-is@1.6.13
40 silly currentTree ├── uid-safe@2.1.1
40 silly currentTree ├── uid2@0.0.3
40 silly currentTree ├── undefsafe@0.0.3
40 silly currentTree ├── unpipe@1.0.0
40 silly currentTree ├── update-notifier@0.5.0
40 silly currentTree ├── util-deprecate@1.0.2
40 silly currentTree ├── util@0.10.3
40 silly currentTree ├── utils-merge@1.0.0
40 silly currentTree ├── uuid@2.0.2
40 silly currentTree ├── vary@1.1.0
40 silly currentTree ├── wrappy@1.0.2
40 silly currentTree ├── write-file-atomic@1.1.4
40 silly currentTree └── xdg-basedir@2.0.0
41 silly idealTree mean
41 silly idealTree ├── abbrev@1.0.9
41 silly idealTree ├── accepts@1.3.3
41 silly idealTree ├── ansi-regex@2.0.0
41 silly idealTree ├── ansi-styles@2.2.1
41 silly idealTree ├── anymatch@1.3.0
41 silly idealTree ├── arr-diff@2.0.0
41 silly idealTree ├── arr-flatten@1.0.1
41 silly idealTree ├── array-flatten@1.1.1
41 silly idealTree ├── array-unique@0.2.1
41 silly idealTree ├── arrify@1.0.1
41 silly idealTree ├── async-each@1.0.0
41 silly idealTree ├── async@2.0.1
41 silly idealTree ├── balanced-match@0.4.2
41 silly idealTree ├── base64-url@1.2.2
41 silly idealTree ├── basic-auth@1.0.4
41 silly idealTree ├── binary-extensions@1.5.0
41 silly idealTree ├── bluebird@2.10.2
41 silly idealTree ├── body-parser@1.15.2
41 silly idealTree ├── brace-expansion@1.1.6
41 silly idealTree ├── braces@1.8.5
41 silly idealTree ├── bson@0.4.23
41 silly idealTree ├── buffer-shims@1.0.0
41 silly idealTree ├── bytes@2.4.0
41 silly idealTree ├── chalk@1.1.3
41 silly idealTree ├── chokidar@1.6.0
41 silly idealTree ├── concat-map@0.0.1
41 silly idealTree ├── configstore@1.4.0
41 silly idealTree ├── connect-flash@0.1.1
41 silly idealTree ├── content-disposition@0.5.1
41 silly idealTree ├── content-type@1.0.2
41 silly idealTree ├── cookie-parser@1.4.3
41 silly idealTree ├── cookie-signature@1.0.6
41 silly idealTree ├── cookie@0.3.1
41 silly idealTree ├── core-util-is@1.0.2
41 silly idealTree ├── crc@3.4.0
41 silly idealTree ├── debug@2.2.0
41 silly idealTree ├── deep-extend@0.4.1
41 silly idealTree ├── depd@1.1.0
41 silly idealTree ├── destroy@1.0.4
41 silly idealTree ├── duplexer@0.1.1
41 silly idealTree ├─┬ duplexify@3.4.5
41 silly idealTree │ ├── isarray@1.0.0
41 silly idealTree │ └── readable-stream@2.1.4
41 silly idealTree ├── ee-first@1.1.1
41 silly idealTree ├── ejs@2.4.2
41 silly idealTree ├── encodeurl@1.0.1
41 silly idealTree ├── end-of-stream@1.0.0
41 silly idealTree ├── es6-promise@2.1.1
41 silly idealTree ├── escape-html@1.0.3
41 silly idealTree ├── escape-string-regexp@1.0.5
41 silly idealTree ├── etag@1.7.0
41 silly idealTree ├── event-stream@3.3.4
41 silly idealTree ├── expand-brackets@0.1.5
41 silly idealTree ├── expand-range@1.8.2
41 silly idealTree ├── express-session@1.14.0
41 silly idealTree ├── express@4.14.0
41 silly idealTree ├── extglob@0.3.2
41 silly idealTree ├── faker@3.1.0
41 silly idealTree ├── filename-regex@2.0.0
41 silly idealTree ├── fill-range@2.2.3
41 silly idealTree ├── finalhandler@0.5.0
41 silly idealTree ├── for-in@0.1.5
41 silly idealTree ├── for-own@0.1.4
41 silly idealTree ├── forwarded@0.1.0
41 silly idealTree ├── fresh@0.3.0
41 silly idealTree ├── from@0.1.3
41 silly idealTree ├── glob-base@0.3.0
41 silly idealTree ├── glob-parent@2.0.0
41 silly idealTree ├─┬ got@3.3.1
41 silly idealTree │ └── object-assign@3.0.0
41 silly idealTree ├── graceful-fs@4.1.4
41 silly idealTree ├── has-ansi@2.0.0
41 silly idealTree ├── hooks-fixed@1.1.0
41 silly idealTree ├── http-errors@1.5.0
41 silly idealTree ├── http-status@0.2.3
41 silly idealTree ├── iconv-lite@0.4.13
41 silly idealTree ├── ignore-by-default@1.0.1
41 silly idealTree ├── imurmurhash@0.1.4
41 silly idealTree ├── infinity-agent@2.0.3
41 silly idealTree ├── inherits@2.0.1
41 silly idealTree ├── ini@1.3.4
41 silly idealTree ├── ipaddr.js@1.1.1
41 silly idealTree ├── is-binary-path@1.0.1
41 silly idealTree ├── is-buffer@1.1.3
41 silly idealTree ├── is-dotfile@1.0.2
41 silly idealTree ├── is-equal-shallow@0.1.3
41 silly idealTree ├── is-extendable@0.1.1
41 silly idealTree ├── is-extglob@1.0.0
41 silly idealTree ├── is-finite@1.0.1
41 silly idealTree ├── is-glob@2.0.1
41 silly idealTree ├── is-npm@1.0.0
41 silly idealTree ├── is-number@2.1.0
41 silly idealTree ├── is-posix-bracket@0.1.1
41 silly idealTree ├── is-primitive@2.0.0
41 silly idealTree ├── is-redirect@1.0.0
41 silly idealTree ├── is-stream@1.1.0
41 silly idealTree ├── isarray@0.0.1
41 silly idealTree ├─┬ isobject@2.1.0
41 silly idealTree │ └── isarray@1.0.0
41 silly idealTree ├── kareem@1.1.3
41 silly idealTree ├── kind-of@3.0.3
41 silly idealTree ├── latest-version@1.0.1
41 silly idealTree ├── lodash._baseassign@3.2.0
41 silly idealTree ├── lodash._basecopy@3.0.1
41 silly idealTree ├── lodash._bindcallback@3.0.1
41 silly idealTree ├── lodash._createassigner@3.1.1
41 silly idealTree ├── lodash._getnative@3.9.1
41 silly idealTree ├── lodash._isiterateecall@3.0.9
41 silly idealTree ├── lodash.assign@3.2.0
41 silly idealTree ├── lodash.defaults@3.1.2
41 silly idealTree ├── lodash.isarguments@3.0.8
41 silly idealTree ├── lodash.isarray@3.0.4
41 silly idealTree ├── lodash.keys@3.1.2
41 silly idealTree ├── lodash.restparam@3.6.1
41 silly idealTree ├── lodash@4.13.1
41 silly idealTree ├── lowercase-keys@1.0.0
41 silly idealTree ├── map-stream@0.1.0
41 silly idealTree ├── media-typer@0.3.0
41 silly idealTree ├── merge-descriptors@1.0.1
41 silly idealTree ├── methods@1.1.2
41 silly idealTree ├── micromatch@2.3.11
41 silly idealTree ├── mime-db@1.23.0
41 silly idealTree ├── mime-types@2.1.11
41 silly idealTree ├── mime@1.3.4
41 silly idealTree ├── minimatch@3.0.2
41 silly idealTree ├── minimist@0.0.8
41 silly idealTree ├── mkdirp@0.5.1
41 silly idealTree ├── mongodb-core@1.2.31
41 silly idealTree ├── mongodb@2.0.55
41 silly idealTree ├─┬ mongoose@4.5.5
41 silly idealTree │ ├── async@1.5.2
41 silly idealTree │ ├── es6-promise@3.0.2
41 silly idealTree │ ├── mongodb-core@1.3.18
41 silly idealTree │ └── mongodb@2.1.18
41 silly idealTree ├── morgan@1.7.0
41 silly idealTree ├── mpath@0.2.1
41 silly idealTree ├── mpromise@0.5.5
41 silly idealTree ├─┬ mquery@1.11.0
41 silly idealTree │ └── sliced@0.0.5
41 silly idealTree ├── ms@0.7.1
41 silly idealTree ├── muri@1.1.0
41 silly idealTree ├── negotiator@0.6.1
41 silly idealTree ├── nested-error-stacks@1.0.2
41 silly idealTree ├─┬ nodemon@1.9.2
41 silly idealTree │ └── es6-promise@3.2.1
41 silly idealTree ├── nopt@1.0.10
41 silly idealTree ├── normalize-path@2.0.1
41 silly idealTree ├── number-is-nan@1.0.0
41 silly idealTree ├── oauth@0.9.14
41 silly idealTree ├── object-assign@4.1.0
41 silly idealTree ├── object.omit@2.0.0
41 silly idealTree ├── on-finished@2.3.0
41 silly idealTree ├── on-headers@1.0.1
41 silly idealTree ├── once@1.3.3
41 silly idealTree ├── os-homedir@1.0.1
41 silly idealTree ├── os-tmpdir@1.0.1
41 silly idealTree ├── osenv@0.1.3
41 silly idealTree ├── package-json@1.2.0
41 silly idealTree ├── parse-glob@3.0.4
41 silly idealTree ├── parseurl@1.3.1
41 silly idealTree ├── passport-facebook@2.1.1
41 silly idealTree ├── passport-oauth2@1.3.0
41 silly idealTree ├── passport-strategy@1.0.0
41 silly idealTree ├── passport@0.3.2
41 silly idealTree ├── path-is-absolute@1.0.0
41 silly idealTree ├── path-to-regexp@0.1.7
41 silly idealTree ├── path@0.12.7
41 silly idealTree ├── pause-stream@0.0.11
41 silly idealTree ├── pause@0.0.1
41 silly idealTree ├── pinkie-promise@2.0.1
41 silly idealTree ├── pinkie@2.0.4
41 silly idealTree ├── prepend-http@1.0.4
41 silly idealTree ├── preserve@0.2.0
41 silly idealTree ├── process-nextick-args@1.0.7
41 silly idealTree ├── process@0.11.5
41 silly idealTree ├── proxy-addr@1.1.2
41 silly idealTree ├── ps-tree@1.1.0
41 silly idealTree ├── qs@6.2.0
41 silly idealTree ├── random-bytes@1.0.0
41 silly idealTree ├── randomatic@1.1.5
41 silly idealTree ├── range-parser@1.2.0
41 silly idealTree ├── raw-body@2.1.7
41 silly idealTree ├─┬ rc@1.1.6
41 silly idealTree │ └── minimist@1.2.0
41 silly idealTree ├─┬ read-all-stream@3.1.0
41 silly idealTree │ ├── isarray@1.0.0
41 silly idealTree │ └── readable-stream@2.1.4
41 silly idealTree ├── readable-stream@1.0.31
41 silly idealTree ├─┬ readdirp@2.1.0
41 silly idealTree │ ├── isarray@1.0.0
41 silly idealTree │ └── readable-stream@2.1.4
41 silly idealTree ├── regex-cache@0.4.3
41 silly idealTree ├── regexp-clone@0.0.1
41 silly idealTree ├── registry-url@3.1.0
41 silly idealTree ├── repeat-element@1.1.2
41 silly idealTree ├── repeat-string@1.5.4
41 silly idealTree ├── repeating@1.1.3
41 silly idealTree ├── require_optional@1.0.0
41 silly idealTree ├── resolve-from@2.0.0
41 silly idealTree ├── semver-diff@2.1.0
41 silly idealTree ├── semver@5.3.0
41 silly idealTree ├── send@0.14.1
41 silly idealTree ├── serve-static@1.11.1
41 silly idealTree ├── set-immediate-shim@1.0.1
41 silly idealTree ├── setprototypeof@1.0.1
41 silly idealTree ├── sliced@1.0.1
41 silly idealTree ├── slide@1.1.6
41 silly idealTree ├── split@0.3.3
41 silly idealTree ├── statuses@1.3.0
41 silly idealTree ├── stream-combiner@0.0.4
41 silly idealTree ├── stream-shift@1.0.0
41 silly idealTree ├── string_decoder@0.10.31
41 silly idealTree ├── string-length@1.0.1
41 silly idealTree ├── strip-ansi@3.0.1
41 silly idealTree ├── strip-json-comments@1.0.4
41 silly idealTree ├─┬ stripe@4.9.0
41 silly idealTree │ └── qs@2.4.2
41 silly idealTree ├── supports-color@2.0.0
41 silly idealTree ├── through@2.3.8
41 silly idealTree ├── timed-out@2.0.0
41 silly idealTree ├── touch@1.0.0
41 silly idealTree ├── type-is@1.6.13
41 silly idealTree ├── uid-safe@2.1.1
41 silly idealTree ├── uid2@0.0.3
41 silly idealTree ├── undefsafe@0.0.3
41 silly idealTree ├── unpipe@1.0.0
41 silly idealTree ├── update-notifier@0.5.0
41 silly idealTree ├── util-deprecate@1.0.2
41 silly idealTree ├── util@0.10.3
41 silly idealTree ├── utils-merge@1.0.0
41 silly idealTree ├── uuid@2.0.2
41 silly idealTree ├── vary@1.1.0
41 silly idealTree ├── wrappy@1.0.2
41 silly idealTree ├── write-file-atomic@1.1.4
41 silly idealTree └── xdg-basedir@2.0.0
42 silly generateActionsToTake Starting
43 silly install generateActionsToTake
44 silly generateActionsToTake Finishing
45 silly diffTrees action count 0
46 silly decomposeActions action count 0
47 silly executeActions Starting
48 silly install executeActions
49 silly doSerial global-install 0
50 silly doParallel fetch 0
51 verbose correctMkdir /home/user/.npm/_locks correctMkdir not in flight; initializing
52 verbose lock using /home/user/.npm/_locks/staging-79f19d55f1919537.lock for /var/www/mean/node_modules/.staging
53 verbose unlock done using /home/user/.npm/_locks/staging-79f19d55f1919537.lock for /var/www/mean/node_modules/.staging
54 silly rollbackFailedOptional Starting
55 silly rollbackFailedOptional Finishing
56 silly runTopLevelLifecycles Starting
57 silly runTopLevelLifecycles Finishing
58 silly install printInstalled
59 warn optional Skipping failed optional dependency /chokidar/fsevents:
60 warn notsup Not compatible with your operating system or architecture: fsevents@1.0.14
61 warn mongodb-core@1.2.31 requires a peer of kerberos@~0.0 but none was installed.
62 warn mean No description
63 warn mean No repository field.
64 warn mean No license field.
65 verbose stack Error: EACCES: permission denied, mkdir '/var/www/mean/node_modules/.staging'
65 verbose stack     at Error (native)
66 verbose cwd /var/www/mean/views
67 error Linux 4.2.0-27-generic
68 error argv "/usr/bin/nodejs" "/usr/bin/npm" "install"
69 error node v6.3.0
70 error npm  v3.10.3
71 error path /var/www/mean/node_modules/.staging
72 error code EACCES
73 error errno -13
74 error syscall mkdir
75 error Error: EACCES: permission denied, mkdir '/var/www/mean/node_modules/.staging'
75 error     at Error (native)
75 error  { Error: EACCES: permission denied, mkdir '/var/www/mean/node_modules/.staging'
75 error     at Error (native)
75 error   errno: -13,
75 error   code: 'EACCES',
75 error   syscall: 'mkdir',
75 error   path: '/var/www/mean/node_modules/.staging' }
76 error Please try running this command again as root/Administrator.
77 verbose exit [ -13, true ]
